"D:/Development/Unreal/OptinousPointAndClick/OptinousRoom/OptinousRoom.uproject" 1
"../../../Engine/Plugins/2D/Paper2D/Paper2D.uplugin" 2
"../../../Engine/Plugins/Developer/BlankPlugin/BlankPlugin.uplugin" 3
"../../../Engine/Plugins/Developer/GitSourceControl/GitSourceControl.uplugin" 4
"../../../Engine/Plugins/Developer/KDevelopSourceCodeAccess/KDevelopSourceCodeAccess.uplugin" 5
"../../../Engine/Plugins/Developer/PerforceSourceControl/PerforceSourceControl.uplugin" 6
"../../../Engine/Plugins/Developer/SubversionSourceControl/SubversionSourceControl.uplugin" 7
"../../../Engine/Plugins/Developer/UObjectPlugin/UObjectPlugin.uplugin" 8
"../../../Engine/Plugins/Developer/VisualStudioSourceCodeAccess/VisualStudioSourceCodeAccess.uplugin" 9
"../../../Engine/Plugins/Developer/XCodeSourceCodeAccess/XCodeSourceCodeAccess.uplugin" 10
"../../../Engine/Plugins/Editor/EpicSurvey/EpicSurvey.uplugin" 11
"../../../Engine/Plugins/Editor/MacGraphicsSwitching/MacGraphicsSwitching.uplugin" 12
"../../../Engine/Plugins/Editor/PluginsEditor/PluginsEditor.uplugin" 13
"../../../Engine/Plugins/Editor/SpeedTreeImporter/SpeedTreeImporter.uplugin" 14
"../../../Engine/Plugins/Experimental/BlueprintStats/BlueprintStats.uplugin" 15
"../../../Engine/Plugins/Experimental/CharacterAI/CharacterAI.uplugin" 16
"../../../Engine/Plugins/Experimental/CodeView/CodeView.uplugin" 17
"../../../Engine/Plugins/Experimental/LiveEditor/LiveEditor.uplugin" 18
"../../../Engine/Plugins/Experimental/Phya/Phya.uplugin" 19
"../../../Engine/Plugins/Experimental/SimpleHMD/SimpleHMD.uplugin" 20
"../../../Engine/Plugins/Experimental/SteamVR/SteamVR.uplugin" 21
"../../../Engine/Plugins/Media/AndroidMedia/AndroidMedia.uplugin" 22
"../../../Engine/Plugins/Media/AvfMedia/AvfMedia.uplugin" 23
"../../../Engine/Plugins/Media/MediaPlayerEditor/MediaPlayerEditor.uplugin" 24
"../../../Engine/Plugins/Media/WmfMedia/WmfMedia.uplugin" 25
"../../../Engine/Plugins/Messaging/MessagingDebugger/MessagingDebugger.uplugin" 26
"../../../Engine/Plugins/Messaging/ShmMessaging/ShmMessaging.uplugin" 27
"../../../Engine/Plugins/Messaging/UdpMessaging/UdpMessaging.uplugin" 28
"../../../Engine/Plugins/Runtime/Advertising/IOSTapJoy/IOSTapJoy.uplugin" 29
"../../../Engine/Plugins/Runtime/Analytics/AnalyticsBlueprintLibrary/AnalyticsBlueprintLibrary.uplugin" 30
"../../../Engine/Plugins/Runtime/Analytics/Apsalar/IOSApsalar/IOSApsalar.uplugin" 31
"../../../Engine/Plugins/Runtime/Analytics/FileLogging/FileLogging.uplugin" 32
"../../../Engine/Plugins/Runtime/AndroidDeviceProfileSelector/AndroidDeviceProfileSelector.uplugin" 33
"../../../Engine/Plugins/Runtime/AndroidMoviePlayer/AndroidMoviePlayer.uplugin" 34
"../../../Engine/Plugins/Runtime/AppleMoviePlayer/AppleMoviePlayer.uplugin" 35
"../../../Engine/Plugins/Runtime/CableComponent/CableComponent.uplugin" 36
"../../../Engine/Plugins/Runtime/CustomMeshComponent/CustomMeshComponent.uplugin" 37
"../../../Engine/Plugins/Runtime/ExampleDeviceProfileSelector/ExampleDeviceProfileSelector.uplugin" 38
"../../../Engine/Plugins/Runtime/GearVR/GearVR.uplugin" 39
"../../../Engine/Plugins/Runtime/IOSDeviceProfileSelector/IOSDeviceProfileSelector.uplugin" 40
"../../../Engine/Plugins/Runtime/LiveEditorListenServer/LiveEditorListenServer.uplugin" 41
"../../../Engine/Plugins/Runtime/OculusRift/OculusRift.uplugin" 42
"../../../Engine/Plugins/Runtime/SoundMod/SoundMod.uplugin" 43
"../../../Engine/Plugins/Runtime/SoundVisualizations/SoundVisualizations.uplugin" 44
"../../../Engine/Plugins/Runtime/TwitchLiveStreaming/TwitchLiveStreaming.uplugin" 45
"../../../Engine/Plugins/Runtime/WindowsDeviceProfileSelector/WindowsDeviceProfileSelector.uplugin" 46
"../../../Engine/Plugins/Runtime/WindowsMoviePlayer/WindowsMoviePlayer.uplugin" 47
"../../../Engine/Plugins/ScriptGeneratorPlugin/ScriptGeneratorPlugin.uplugin" 48
"../../../Engine/Plugins/ScriptPlugin/ScriptPlugin.uplugin" 49
"../../../Engine/Plugins/Slate/SlateRemote/SlateRemote.uplugin" 50
"D:/Development/Unreal/OptinousPointAndClick/OptinousRoom/Plugins/Kinect4Unreal v 1.1/Kinect4Unreal.uplugin" 51
"..\..\..\Engine\Content\Internationalization\icudt53l\cnvalias.icu" 52
"..\..\..\Engine\Content\Internationalization\icudt53l\en_US_POSIX.res" 53
"..\..\..\Engine\Content\Internationalization\icudt53l\pool.res" 54
"..\..\..\Engine\Content\Internationalization\icudt53l\en_US.res" 55
"..\..\..\Engine\Content\Internationalization\icudt53l\en.res" 56
"..\..\..\Engine\Content\Internationalization\icudt53l\root.res" 57
"..\..\..\Engine\Content\Internationalization\icudt53l\coll\ucadata.icu" 58
"..\..\..\Engine\Content\Internationalization\icudt53l\nfc.nrm" 59
"..\..\..\Engine\Content\Internationalization\icudt53l\coll\en_US_POSIX.res" 60
"..\..\..\Engine\Content\Internationalization\icudt53l\coll\en_US.res" 61
"..\..\..\Engine\Content\Internationalization\icudt53l\coll\en.res" 62
"..\..\..\Engine\Content\Internationalization\icudt53l\coll\root.res" 63
"..\..\..\Engine\Content\Internationalization\icudt53l\numberingSystems.res" 64
"..\..\..\Engine\Content\Internationalization\icudt53l\curr\supplementalData.res" 65
"..\..\..\Engine\Content\Internationalization\icudt53l\curr\pool.res" 66
"..\..\..\Engine\Content\Internationalization\icudt53l\curr\en.res" 67
"..\..\..\Engine\Content\Internationalization\icudt53l\curr\root.res" 68
"..\..\..\Engine\Content\Internationalization\icudt53l\de_DE.res" 69
"..\..\..\Engine\Content\Internationalization\icudt53l\de.res" 70
"..\..\..\Engine\Content\Internationalization\icudt53l\plurals.res" 71
"..\..\..\Engine\Content\Internationalization\icudt53l\windowsZones.res" 72
"..\..\..\Engine\Content\Internationalization\icudt53l\zoneinfo64.res" 73
"..\..\..\Engine\Content\Internationalization\icudt53l\keyTypeData.res" 74
"..\..\..\Engine\Content\Internationalization\icudt53l\timezoneTypes.res" 75
"..\..\..\Engine\Content\Internationalization\icudt53l\supplementalData.res" 76
"..\..\..\Engine\Content\Internationalization\icudt53l\likelySubtags.res" 77
"..\..\..\Engine\Content\Internationalization\icudt53l\coll\de.res" 78
"..\..\..\Engine\Content\Internationalization\icudt53l\curr\de.res" 79
"../../../Engine/Config/Base.ini" 80
"../../../Engine/Config/BaseEngine.ini" 81
"D:/Development/Unreal/OptinousPointAndClick/OptinousRoom/Config/DefaultEngine.ini" 82
"../../../Engine/Config/Windows/WindowsEngine.ini" 83
"D:/Development/Unreal/OptinousPointAndClick/OptinousRoom/Saved/Config/Windows/Engine.ini" 84
"D:/Development/Unreal/OptinousPointAndClick/OptinousRoom/Intermediate/Config/CoalescedSourceConfigs/Engine.ini" 85
"../../../Engine/Config/BaseGame.ini" 86
"D:/Development/Unreal/OptinousPointAndClick/OptinousRoom/Saved/Config/Windows/Game.ini" 87
"D:/Development/Unreal/OptinousPointAndClick/OptinousRoom/Intermediate/Config/CoalescedSourceConfigs/Game.ini" 88
"../../../Engine/Config/BaseInput.ini" 89
"D:/Development/Unreal/OptinousPointAndClick/OptinousRoom/Config/DefaultInput.ini" 90
"D:/Development/Unreal/OptinousPointAndClick/OptinousRoom/Saved/Config/Windows/Input.ini" 91
"D:/Development/Unreal/OptinousPointAndClick/OptinousRoom/Intermediate/Config/CoalescedSourceConfigs/Input.ini" 92
"../../../Engine/Config/BaseEditor.ini" 93
"D:/Development/Unreal/OptinousPointAndClick/OptinousRoom/Config/DefaultEditor.ini" 94
"D:/Development/Unreal/OptinousPointAndClick/OptinousRoom/Saved/Config/Windows/Editor.ini" 95
"D:/Development/Unreal/OptinousPointAndClick/OptinousRoom/Intermediate/Config/CoalescedSourceConfigs/Editor.ini" 96
"../../../Engine/Config/BaseEditorLayout.ini" 97
"D:/Development/Unreal/OptinousPointAndClick/OptinousRoom/Saved/Config/Windows/EditorLayout.ini" 98
"D:/Development/Unreal/OptinousPointAndClick/OptinousRoom/Intermediate/Config/CoalescedSourceConfigs/EditorLayout.ini" 99
"../../../Engine/Config/BaseEditorUserSettings.ini" 100
"D:/Development/Unreal/OptinousPointAndClick/OptinousRoom/Saved/Config/Windows/EditorUserSettings.ini" 101
"D:/Development/Unreal/OptinousPointAndClick/OptinousRoom/Intermediate/Config/CoalescedSourceConfigs/EditorUserSettings.ini" 102
"../../../Engine/Config/BaseEditorKeyBindings.ini" 103
"D:/Development/Unreal/OptinousPointAndClick/OptinousRoom/Saved/Config/Windows/EditorKeyBindings.ini" 104
"D:/Development/Unreal/OptinousPointAndClick/OptinousRoom/Intermediate/Config/CoalescedSourceConfigs/EditorKeyBindings.ini" 105
"../../../Engine/Config/BaseCompat.ini" 106
"D:/Development/Unreal/OptinousPointAndClick/OptinousRoom/Saved/Config/Windows/Compat.ini" 107
"D:/Development/Unreal/OptinousPointAndClick/OptinousRoom/Intermediate/Config/CoalescedSourceConfigs/Compat.ini" 108
"../../../Engine/Config/BaseLightmass.ini" 109
"D:/Development/Unreal/OptinousPointAndClick/OptinousRoom/Saved/Config/Windows/Lightmass.ini" 110
"D:/Development/Unreal/OptinousPointAndClick/OptinousRoom/Intermediate/Config/CoalescedSourceConfigs/Lightmass.ini" 111
"../../../Engine/Config/BaseScalability.ini" 112
"D:/Development/Unreal/OptinousPointAndClick/OptinousRoom/Saved/Config/Windows/Scalability.ini" 113
"D:/Development/Unreal/OptinousPointAndClick/OptinousRoom/Intermediate/Config/CoalescedSourceConfigs/Scalability.ini" 114
"D:/Development/Unreal/OptinousPointAndClick/OptinousRoom/Saved/Config/Windows/GameUserSettings.ini" 115
"D:/Development/Unreal/OptinousPointAndClick/OptinousRoom/Intermediate/Config/CoalescedSourceConfigs/GameUserSettings.ini" 116
"../../../Engine/Config/BaseDeviceProfiles.ini" 117
"D:/Development/Unreal/OptinousPointAndClick/OptinousRoom/Saved/Config/Windows/DeviceProfiles.ini" 118
"D:/Development/Unreal/OptinousPointAndClick/OptinousRoom/Intermediate/Config/CoalescedSourceConfigs/DeviceProfiles.ini" 119
"../../../Engine/Config/ConsoleVariables.ini" 120
"..\..\..\Engine\Content\Internationalization\icudt53l\es.res" 121
"..\..\..\Engine\Content\Internationalization\icudt53l\coll\es.res" 122
"..\..\..\Engine\Content\Internationalization\icudt53l\curr\es.res" 123
"..\..\..\Engine\Content\Internationalization\icudt53l\es_ES.res" 124
"..\..\..\Engine\Content\Internationalization\icudt53l\ja.res" 125
"..\..\..\Engine\Content\Internationalization\icudt53l\coll\ja.res" 126
"..\..\..\Engine\Content\Internationalization\icudt53l\curr\ja.res" 127
"..\..\..\Engine\Content\Internationalization\icudt53l\ja_JP.res" 128
"..\..\..\Engine\Content\Internationalization\icudt53l\ko.res" 129
"..\..\..\Engine\Content\Internationalization\icudt53l\coll\ko.res" 130
"..\..\..\Engine\Content\Internationalization\icudt53l\curr\ko.res" 131
"..\..\..\Engine\Content\Internationalization\icudt53l\ko_KR.res" 132
"..\..\..\Engine\Content\Internationalization\icudt53l\pt_BR.res" 133
"..\..\..\Engine\Content\Internationalization\icudt53l\pt.res" 134
"..\..\..\Engine\Content\Internationalization\icudt53l\coll\pt.res" 135
"..\..\..\Engine\Content\Internationalization\icudt53l\curr\pt.res" 136
"..\..\..\Engine\Content\Internationalization\icudt53l\zh_CN.res" 137
"..\..\..\Engine\Content\Internationalization\icudt53l\zh_Hans_CN.res" 138
"..\..\..\Engine\Content\Internationalization\icudt53l\zh_Hans.res" 139
"..\..\..\Engine\Content\Internationalization\icudt53l\zh.res" 140
"..\..\..\Engine\Content\Internationalization\icudt53l\coll\zh_CN.res" 141
"..\..\..\Engine\Content\Internationalization\icudt53l\coll\zh_Hans_CN.res" 142
"..\..\..\Engine\Content\Internationalization\icudt53l\coll\zh_Hans.res" 143
"..\..\..\Engine\Content\Internationalization\icudt53l\coll\zh.res" 144
"..\..\..\Engine\Content\Internationalization\icudt53l\curr\zh_CN.res" 145
"..\..\..\Engine\Content\Internationalization\icudt53l\curr\zh_Hans_CN.res" 146
"..\..\..\Engine\Content\Internationalization\icudt53l\curr\zh_Hans.res" 147
"..\..\..\Engine\Content\Internationalization\icudt53l\curr\zh.res" 148
"C:/Program Files/Epic Games/4.7/Engine/Content/Localization/Engine/en/Engine.locres" 149
"C:/Program Files/Epic Games/4.7/Engine/Content/Localization/Editor/en/Editor.locres" 150
"C:/Program Files/Epic Games/4.7/Engine/Content/Localization/EditorTutorials/en/EditorTutorials.locres" 151
"../../../Engine/Content/Slate/Fonts/Roboto-Regular.ttf" 152
"../../../Engine/Content/Slate/Fonts/DroidSansMono.ttf" 153
"../../../Engine/Content/Slate/Fonts/Roboto-Bold.ttf" 154
"../../../Engine/Content/Slate/Fonts/Roboto-Light.ttf" 155
"C:/Program Files/Epic Games/4.7/Engine/Binaries/Win64/../../../Engine/Shaders/ParticleSpriteVertexFactory.usf" 156
"C:/Program Files/Epic Games/4.7/Engine/Binaries/Win64/../../../Engine/Shaders/VertexFactoryCommon.usf" 157
"C:/Program Files/Epic Games/4.7/Engine/Binaries/Win64/../../../Engine/Shaders/Common.usf" 158
"C:/Program Files/Epic Games/4.7/Engine/Binaries/Win64/../../../Engine/Shaders/MetalCommon.usf" 159
"C:/Program Files/Epic Games/4.7/Engine/Binaries/Win64/../../../Engine/Shaders/ShaderVersion.usf" 160
"C:/Program Files/Epic Games/4.7/Engine/Binaries/Win64/../../../Engine/Shaders/Definitions.usf" 161
"C:/Program Files/Epic Games/4.7/Engine/Binaries/Win64/../../../Engine/Shaders/Random.usf" 162
"C:/Program Files/Epic Games/4.7/Engine/Binaries/Win64/../../../Engine/Shaders/ParticleVertexFactoryCommon.usf" 163
"C:/Program Files/Epic Games/4.7/Engine/Binaries/Win64/../../../Engine/Shaders/ParticleGPUSpriteVertexFactory.usf" 164
"C:/Program Files/Epic Games/4.7/Engine/Binaries/Win64/../../../Engine/Shaders/ParticleBeamTrailVertexFactory.usf" 165
"C:/Program Files/Epic Games/4.7/Engine/Binaries/Win64/../../../Engine/Shaders/VectorFieldVisualizationVertexFactory.usf" 166
"C:/Program Files/Epic Games/4.7/Engine/Binaries/Win64/../../../Engine/Shaders/LocalVertexFactory.usf" 167
"C:/Program Files/Epic Games/4.7/Engine/Binaries/Win64/../../../Engine/Shaders/LocalVertexFactoryCommon.usf" 168
"C:/Program Files/Epic Games/4.7/Engine/Binaries/Win64/../../../Engine/Shaders/MeshParticleVertexFactory.usf" 169
"C:/Program Files/Epic Games/4.7/Engine/Binaries/Win64/../../../Engine/Shaders/GpuSkinVertexFactory.usf" 170
"C:/Program Files/Epic Games/4.7/Engine/Binaries/Win64/../../../Engine/Shaders/GpuSkinCacheCommon.usf" 171
"C:/Program Files/Epic Games/4.7/Engine/Binaries/Win64/../../../Engine/Shaders/LandscapeVertexFactory.usf" 172
"C:/Program Files/Epic Games/4.7/Engine/Binaries/Win64/../../../Engine/Shaders/SlateElementPixelShader.usf" 173
"C:/Program Files/Epic Games/4.7/Engine/Binaries/Win64/../../../Engine/Shaders/MaterialTemplate.usf" 174
"C:/Program Files/Epic Games/4.7/Engine/Binaries/Win64/../../../Engine/Shaders/DepthOfFieldCommon.usf" 175
"C:/Program Files/Epic Games/4.7/Engine/Binaries/Win64/../../../Engine/Shaders/SpeedTreeCommon.usf" 176
"C:/Program Files/Epic Games/4.7/Engine/Binaries/Win64/../../../Engine/Shaders/AtmosphereCommon.usf" 177
"C:/Program Files/Epic Games/4.7/Engine/Binaries/Win64/../../../Engine/Shaders/PostProcessCommon.usf" 178
"C:/Program Files/Epic Games/4.7/Engine/Binaries/Win64/../../../Engine/Shaders/DeferredShadingCommon.usf" 179
"C:/Program Files/Epic Games/4.7/Engine/Binaries/Win64/../../../Engine/Shaders/LightAccumulator.usf" 180
"C:/Program Files/Epic Games/4.7/Engine/Binaries/Win64/../../../Engine/Shaders/SlateVertexShader.usf" 181
"C:/Program Files/Epic Games/4.7/Engine/Binaries/Win64/../../../Engine/Shaders/OneColorShader.usf" 182
"C:/Program Files/Epic Games/4.7/Engine/Binaries/Win64/../../../Engine/Shaders/ResolveVertexShader.usf" 183
"C:/Program Files/Epic Games/4.7/Engine/Binaries/Win64/../../../Engine/Shaders/ResolvePixelShader.usf" 184
"C:/Program Files/Epic Games/4.7/Engine/Binaries/Win64/../../../Engine/Shaders/VisualizeTexture.usf" 185
"C:/Program Files/Epic Games/4.7/Engine/Binaries/Win64/../../../Engine/Shaders/ScreenSpaceReflections.usf" 186
"C:/Program Files/Epic Games/4.7/Engine/Binaries/Win64/../../../Engine/Shaders/BRDF.usf" 187
"C:/Program Files/Epic Games/4.7/Engine/Binaries/Win64/../../../Engine/Shaders/MonteCarlo.usf" 188
"C:/Program Files/Epic Games/4.7/Engine/Binaries/Win64/../../../Engine/Shaders/FilterVertexShader.usf" 189
"C:/Program Files/Epic Games/4.7/Engine/Binaries/Win64/../../../Engine/Shaders/FilterPixelShader.usf" 190
"C:/Program Files/Epic Games/4.7/Engine/Binaries/Win64/../../../Engine/Shaders/PostProcessVisualizeHDR.usf" 191
"C:/Program Files/Epic Games/4.7/Engine/Binaries/Win64/../../../Engine/Shaders/PostProcessHistogramCommon.usf" 192
"C:/Program Files/Epic Games/4.7/Engine/Binaries/Win64/../../../Engine/Shaders/TonemapCommon.usf" 193
"C:/Program Files/Epic Games/4.7/Engine/Binaries/Win64/../../../Engine/Shaders/MiniFontCommon.usf" 194
"C:/Program Files/Epic Games/4.7/Engine/Binaries/Win64/../../../Engine/Shaders/PostProcessVisualizeBuffer.usf" 195
"C:/Program Files/Epic Games/4.7/Engine/Binaries/Win64/../../../Engine/Shaders/PostProcessUpscale.usf" 196
"C:/Program Files/Epic Games/4.7/Engine/Binaries/Win64/../../../Engine/Shaders/PostProcessTonemap.usf" 197
"C:/Program Files/Epic Games/4.7/Engine/Binaries/Win64/../../../Engine/Shaders/PostProcessTestImage.usf" 198
"C:/Program Files/Epic Games/4.7/Engine/Binaries/Win64/../../../Engine/Shaders/PostProcessTemporalAA.usf" 199
"C:/Program Files/Epic Games/4.7/Engine/Binaries/Win64/../../../Engine/Shaders/PostProcessTemporalCommon.usf" 200
"C:/Program Files/Epic Games/4.7/Engine/Binaries/Win64/../../../Engine/Shaders/PostProcessSubsurface.usf" 201
"C:/Program Files/Epic Games/4.7/Engine/Binaries/Win64/../../../Engine/Shaders/SeparableSSS.usf" 202
"C:/Program Files/Epic Games/4.7/Engine/Binaries/Win64/../../../Engine/Shaders/PostProcessSelectionOutline.usf" 203
"C:/Program Files/Epic Games/4.7/Engine/Binaries/Win64/../../../Engine/Shaders/PostProcessSceneColorFringe.usf" 204
"C:/Program Files/Epic Games/4.7/Engine/Binaries/Win64/../../../Engine/Shaders/PostProcessNoiseBlur.usf" 205
"C:/Program Files/Epic Games/4.7/Engine/Binaries/Win64/../../../Engine/Shaders/PostProcessMotionBlur.usf" 206
"C:/Program Files/Epic Games/4.7/Engine/Binaries/Win64/../../../Engine/Shaders/PostProcessMobile.usf" 207
"C:/Program Files/Epic Games/4.7/Engine/Binaries/Win64/../../../Engine/Shaders/PostProcessMaterialShaders.usf" 208
"C:/Program Files/Epic Games/4.7/Engine/Binaries/Win64/../../../Engine/Shaders/PostProcessLensFlares.usf" 209
"C:/Program Files/Epic Games/4.7/Engine/Binaries/Win64/../../../Engine/Shaders/PostProcessLensBlur.usf" 210
"C:/Program Files/Epic Games/4.7/Engine/Binaries/Win64/../../../Engine/Shaders/PostProcessBloom.usf" 211
"C:/Program Files/Epic Games/4.7/Engine/Binaries/Win64/../../../Engine/Shaders/PostProcessHMD.usf" 212
"C:/Program Files/Epic Games/4.7/Engine/Binaries/Win64/../../../Engine/Shaders/PostProcessHistogramReduce.usf" 213
"C:/Program Files/Epic Games/4.7/Engine/Binaries/Win64/../../../Engine/Shaders/PostProcessHistogram.usf" 214
"C:/Program Files/Epic Games/4.7/Engine/Binaries/Win64/../../../Engine/Shaders/PostProcessGBufferHints.usf" 215
"C:/Program Files/Epic Games/4.7/Engine/Binaries/Win64/../../../Engine/Shaders/PostProcessEyeAdaptation.usf" 216
"C:/Program Files/Epic Games/4.7/Engine/Binaries/Win64/../../../Engine/Shaders/PostProcessDownsample.usf" 217
"C:/Program Files/Epic Games/4.7/Engine/Binaries/Win64/../../../Engine/Shaders/PostProcessDOF.usf" 218
"C:/Program Files/Epic Games/4.7/Engine/Binaries/Win64/../../../Engine/Shaders/PostProcessCompositeEditorPrimitives.usf" 219
"C:/Program Files/Epic Games/4.7/Engine/Binaries/Win64/../../../Engine/Shaders/PostProcessCombineLUTs.usf" 220
"C:/Program Files/Epic Games/4.7/Engine/Binaries/Win64/../../../Engine/Shaders/PostProcessBusyWait.usf" 221
"C:/Program Files/Epic Games/4.7/Engine/Binaries/Win64/../../../Engine/Shaders/PostProcessBokehDOF.usf" 222
"C:/Program Files/Epic Games/4.7/Engine/Binaries/Win64/../../../Engine/Shaders/FXAAShader.usf" 223
"C:/Program Files/Epic Games/4.7/Engine/Binaries/Win64/../../../Engine/Shaders/Fxaa3_11.usf" 224
"C:/Program Files/Epic Games/4.7/Engine/Binaries/Win64/../../../Engine/Shaders/PostProcessPassThrough.usf" 225
"C:/Program Files/Epic Games/4.7/Engine/Binaries/Win64/../../../Engine/Shaders/PostProcessLpvIndirect.usf" 226
"C:/Program Files/Epic Games/4.7/Engine/Binaries/Win64/../../../Engine/Shaders/DeferredLightingCommon.usf" 227
"C:/Program Files/Epic Games/4.7/Engine/Binaries/Win64/../../../Engine/Shaders/DynamicLightingCommon.usf" 228
"C:/Program Files/Epic Games/4.7/Engine/Binaries/Win64/../../../Engine/Shaders/IESLightProfilesCommon.usf" 229
"C:/Program Files/Epic Games/4.7/Engine/Binaries/Win64/../../../Engine/Shaders/LPVFinalPass.usf" 230
"C:/Program Files/Epic Games/4.7/Engine/Binaries/Win64/../../../Engine/Shaders/LPVCommon.usf" 231
"C:/Program Files/Epic Games/4.7/Engine/Binaries/Win64/../../../Engine/Shaders/DeferredDecal.usf" 232
"C:/Program Files/Epic Games/4.7/Engine/Binaries/Win64/../../../Engine/Shaders/PostProcessAmbientOcclusion.usf" 233
"C:/Program Files/Epic Games/4.7/Engine/Binaries/Win64/../../../Engine/Shaders/PostProcessAmbient.usf" 234
"C:/Program Files/Epic Games/4.7/Engine/Binaries/Win64/../../../Engine/Shaders/CubemapCommon.usf" 235
"C:/Program Files/Epic Games/4.7/Engine/Binaries/Win64/../../../Engine/Shaders/VelocityShader.usf" 236
"C:/Program Files/Epic Games/4.7/Engine/Binaries/Win64/../../../Engine/Shaders/Tessellation.usf" 237
"C:/Program Files/Epic Games/4.7/Engine/Binaries/Win64/../../../Engine/Shaders/FlatTessellation.usf" 238
"C:/Program Files/Epic Games/4.7/Engine/Binaries/Win64/../../../Engine/Shaders/PNTriangles.usf" 239
"C:/Program Files/Epic Games/4.7/Engine/Binaries/Win64/../../../Engine/Shaders/TranslucentLightingShaders.usf" 240
"C:/Program Files/Epic Games/4.7/Engine/Binaries/Win64/../../../Engine/Shaders/SHCommon.usf" 241
"C:/Program Files/Epic Games/4.7/Engine/Binaries/Win64/../../../Engine/Shaders/ShadowProjectionCommon.usf" 242
"C:/Program Files/Epic Games/4.7/Engine/Binaries/Win64/../../../Engine/Shaders/TranslucentLightInjectionShaders.usf" 243
"C:/Program Files/Epic Games/4.7/Engine/Binaries/Win64/../../../Engine/Shaders/LightFunctionCommon.usf" 244
"C:/Program Files/Epic Games/4.7/Engine/Binaries/Win64/../../../Engine/Shaders/TranslucentShadowDepthShaders.usf" 245
"C:/Program Files/Epic Games/4.7/Engine/Binaries/Win64/../../../Engine/Shaders/ShadowDepthCommon.usf" 246
"C:/Program Files/Epic Games/4.7/Engine/Binaries/Win64/../../../Engine/Shaders/TiledDeferredLightShaders.usf" 247
"C:/Program Files/Epic Games/4.7/Engine/Binaries/Win64/../../../Engine/Shaders/ShadowProjectionPixelShader.usf" 248
"C:/Program Files/Epic Games/4.7/Engine/Binaries/Win64/../../../Engine/Shaders/ShadowFilteringCommon.usf" 249
"C:/Program Files/Epic Games/4.7/Engine/Binaries/Win64/../../../Engine/Shaders/ShadowProjectionVertexShader.usf" 250
"C:/Program Files/Epic Games/4.7/Engine/Binaries/Win64/../../../Engine/Shaders/ShadowDepthPixelShader.usf" 251
"C:/Program Files/Epic Games/4.7/Engine/Binaries/Win64/../../../Engine/Shaders/LPVWriteVplCommon.usf" 252
"C:/Program Files/Epic Games/4.7/Engine/Binaries/Win64/../../../Engine/Shaders/LPVWriteCommon.usf" 253
"C:/Program Files/Epic Games/4.7/Engine/Binaries/Win64/../../../Engine/Shaders/ShadowDepthVertexShader.usf" 254
"C:/Program Files/Epic Games/4.7/Engine/Binaries/Win64/../../../Engine/Shaders/ShaderComplexityApplyPixelShader.usf" 255
"C:/Program Files/Epic Games/4.7/Engine/Binaries/Win64/../../../Engine/Shaders/ShaderComplexityApplyVertexShader.usf" 256
"C:/Program Files/Epic Games/4.7/Engine/Binaries/Win64/../../../Engine/Shaders/ShaderComplexityAccumulatePixelShader.usf" 257
"C:/Program Files/Epic Games/4.7/Engine/Binaries/Win64/../../../Engine/Shaders/HZBOcclusion.usf" 258
"C:/Program Files/Epic Games/4.7/Engine/Binaries/Win64/../../../Engine/Shaders/OcclusionQueryVertexShader.usf" 259
"C:/Program Files/Epic Games/4.7/Engine/Binaries/Win64/../../../Engine/Shaders/HitProxyPixelShader.usf" 260
"C:/Program Files/Epic Games/4.7/Engine/Binaries/Win64/../../../Engine/Shaders/HitProxyVertexShader.usf" 261
"C:/Program Files/Epic Games/4.7/Engine/Binaries/Win64/../../../Engine/Shaders/ReflectionEnvironmentShaders.usf" 262
"C:/Program Files/Epic Games/4.7/Engine/Binaries/Win64/../../../Engine/Shaders/ReflectionEnvironmentShared.usf" 263
"C:/Program Files/Epic Games/4.7/Engine/Binaries/Win64/../../../Engine/Shaders/SkyLightingShared.usf" 264
"C:/Program Files/Epic Games/4.7/Engine/Binaries/Win64/../../../Engine/Shaders/ReflectionEnvironmentComputeShaders.usf" 265
"C:/Program Files/Epic Games/4.7/Engine/Binaries/Win64/../../../Engine/Shaders/LightShaftShader.usf" 266
"C:/Program Files/Epic Games/4.7/Engine/Binaries/Win64/../../../Engine/Shaders/StationaryLightOverlapShaders.usf" 267
"C:/Program Files/Epic Games/4.7/Engine/Binaries/Win64/../../../Engine/Shaders/DeferredLightPixelShaders.usf" 268
"C:/Program Files/Epic Games/4.7/Engine/Binaries/Win64/../../../Engine/Shaders/DeferredLightVertexShaders.usf" 269
"C:/Program Files/Epic Games/4.7/Engine/Binaries/Win64/../../../Engine/Shaders/LPVVisualise.usf" 270
"C:/Program Files/Epic Games/4.7/Engine/Binaries/Win64/../../../Engine/Shaders/LPVGeometryVolumeCommon.usf" 271
"C:/Program Files/Epic Games/4.7/Engine/Binaries/Win64/../../../Engine/Shaders/LPVDirectLightInject.usf" 272
"C:/Program Files/Epic Games/4.7/Engine/Binaries/Win64/../../../Engine/Shaders/LPVPropagate.usf" 273
"C:/Program Files/Epic Games/4.7/Engine/Binaries/Win64/../../../Engine/Shaders/LPVBuildGeometryVolume.usf" 274
"C:/Program Files/Epic Games/4.7/Engine/Binaries/Win64/../../../Engine/Shaders/LPVInject_AccumulateVplLists.usf" 275
"C:/Program Files/Epic Games/4.7/Engine/Binaries/Win64/../../../Engine/Shaders/LPVInject_GenerateVplLists.usf" 276
"C:/Program Files/Epic Games/4.7/Engine/Binaries/Win64/../../../Engine/Shaders/LPVClearLists.usf" 277
"C:/Program Files/Epic Games/4.7/Engine/Binaries/Win64/../../../Engine/Shaders/LPVClear.usf" 278
"C:/Program Files/Epic Games/4.7/Engine/Binaries/Win64/../../../Engine/Shaders/LightMapDensityShader.usf" 279
"C:/Program Files/Epic Games/4.7/Engine/Binaries/Win64/../../../Engine/Shaders/LightFunctionPixelShader.usf" 280
"C:/Program Files/Epic Games/4.7/Engine/Binaries/Win64/../../../Engine/Shaders/LightFunctionVertexShader.usf" 281
"C:/Program Files/Epic Games/4.7/Engine/Binaries/Win64/../../../Engine/Shaders/HdrCustomResolveShaders.usf" 282
"C:/Program Files/Epic Games/4.7/Engine/Binaries/Win64/../../../Engine/Shaders/GPUBenchmark.usf" 283
"C:/Program Files/Epic Games/4.7/Engine/Binaries/Win64/../../../Engine/Shaders/GammaCorrection.usf" 284
"C:/Program Files/Epic Games/4.7/Engine/Binaries/Win64/../../../Engine/Shaders/BasePassForForwardShadingPixelShader.usf" 285
"C:/Program Files/Epic Games/4.7/Engine/Binaries/Win64/../../../Engine/Shaders/BasePassForForwardShadingCommon.usf" 286
"C:/Program Files/Epic Games/4.7/Engine/Binaries/Win64/../../../Engine/Shaders/LightmapCommon.usf" 287
"C:/Program Files/Epic Games/4.7/Engine/Binaries/Win64/../../../Engine/Shaders/BasePassForForwardShadingVertexShader.usf" 288
"C:/Program Files/Epic Games/4.7/Engine/Binaries/Win64/../../../Engine/Shaders/HeightFogCommon.usf" 289
"C:/Program Files/Epic Games/4.7/Engine/Binaries/Win64/../../../Engine/Shaders/HeightFogPixelShader.usf" 290
"C:/Program Files/Epic Games/4.7/Engine/Binaries/Win64/../../../Engine/Shaders/HeightFogVertexShader.usf" 291
"C:/Program Files/Epic Games/4.7/Engine/Binaries/Win64/../../../Engine/Shaders/DistortAccumulatePS.usf" 292
"C:/Program Files/Epic Games/4.7/Engine/Binaries/Win64/../../../Engine/Shaders/DistortAccumulateVS.usf" 293
"C:/Program Files/Epic Games/4.7/Engine/Binaries/Win64/../../../Engine/Shaders/DistortApplyScreenPS.usf" 294
"C:/Program Files/Epic Games/4.7/Engine/Binaries/Win64/../../../Engine/Shaders/DistanceFieldSurfaceCacheLighting.usf" 295
"C:/Program Files/Epic Games/4.7/Engine/Binaries/Win64/../../../Engine/Shaders/DistanceFieldLightingShared.usf" 296
"C:/Program Files/Epic Games/4.7/Engine/Binaries/Win64/../../../Engine/Shaders/DistanceFieldAOShared.usf" 297
"C:/Program Files/Epic Games/4.7/Engine/Binaries/Win64/../../../Engine/Shaders/SkyLighting.usf" 298
"C:/Program Files/Epic Games/4.7/Engine/Binaries/Win64/../../../Engine/Shaders/DistanceFieldSurfaceCacheLightingCompute.usf" 299
"C:/Program Files/Epic Games/4.7/Engine/Binaries/Win64/../../../Engine/Shaders/DistanceFieldShadowing.usf" 300
"C:/Program Files/Epic Games/4.7/Engine/Binaries/Win64/../../../Engine/Shaders/DepthOnlyPixelShader.usf" 301
"C:/Program Files/Epic Games/4.7/Engine/Binaries/Win64/../../../Engine/Shaders/DepthOnlyVertexShader.usf" 302
"C:/Program Files/Epic Games/4.7/Engine/Binaries/Win64/../../../Engine/Shaders/PositionOnlyDepthVertexShader.usf" 303
"C:/Program Files/Epic Games/4.7/Engine/Binaries/Win64/../../../Engine/Shaders/DownsampleDepthPixelShader.usf" 304
"C:/Program Files/Epic Games/4.7/Engine/Binaries/Win64/../../../Engine/Shaders/BasePassPixelShader.usf" 305
"C:/Program Files/Epic Games/4.7/Engine/Binaries/Win64/../../../Engine/Shaders/BasePassCommon.usf" 306
"C:/Program Files/Epic Games/4.7/Engine/Binaries/Win64/../../../Engine/Shaders/BasePassVertexShader.usf" 307
"C:/Program Files/Epic Games/4.7/Engine/Binaries/Win64/../../../Engine/Shaders/BasePassVertexCommon.usf" 308
"C:/Program Files/Epic Games/4.7/Engine/Binaries/Win64/../../../Engine/Shaders/BasePassTessellationShaders.usf" 309
"C:/Program Files/Epic Games/4.7/Engine/Binaries/Win64/../../../Engine/Shaders/AtmospherePrecompute.usf" 310
"C:/Program Files/Epic Games/4.7/Engine/Binaries/Win64/../../../Engine/Shaders/AtmospherePrecomputeCommon.usf" 311
"C:/Program Files/Epic Games/4.7/Engine/Binaries/Win64/../../../Engine/Shaders/AtmospherePrecomputeInscatter.usf" 312
"C:/Program Files/Epic Games/4.7/Engine/Binaries/Win64/../../../Engine/Shaders/AtmosphericFogShader.usf" 313
"C:/Program Files/Epic Games/4.7/Engine/Binaries/Win64/../../../Engine/Shaders/ParticleSortKeyGen.usf" 314
"C:/Program Files/Epic Games/4.7/Engine/Binaries/Win64/../../../Engine/Shaders/ParticleBoundsShader.usf" 315
"C:/Program Files/Epic Games/4.7/Engine/Binaries/Win64/../../../Engine/Shaders/ParticleSimVisualizeShader.usf" 316
"C:/Program Files/Epic Games/4.7/Engine/Binaries/Win64/../../../Engine/Shaders/ParticleInjectionShader.usf" 317
"C:/Program Files/Epic Games/4.7/Engine/Binaries/Win64/../../../Engine/Shaders/ParticleSimulationShader.usf" 318
"C:/Program Files/Epic Games/4.7/Engine/Binaries/Win64/../../../Engine/Shaders/ParticleCurveInjectionShader.usf" 319
"C:/Program Files/Epic Games/4.7/Engine/Binaries/Win64/../../../Engine/Shaders/VectorFieldCompositeShaders.usf" 320
"C:/Program Files/Epic Games/4.7/Engine/Binaries/Win64/../../../Engine/Shaders/UpdateTextureShaders.usf" 321
"C:/Program Files/Epic Games/4.7/Engine/Binaries/Win64/../../../Engine/Shaders/SimpleElementColorChannelMaskPixelShader.usf" 322
"C:/Program Files/Epic Games/4.7/Engine/Binaries/Win64/../../../Engine/Shaders/SimpleElementHitProxyPixelShader.usf" 323
"C:/Program Files/Epic Games/4.7/Engine/Binaries/Win64/../../../Engine/Shaders/SimpleElementPixelShader.usf" 324
"C:/Program Files/Epic Games/4.7/Engine/Binaries/Win64/../../../Engine/Shaders/ColorUtils.usf" 325
"C:/Program Files/Epic Games/4.7/Engine/Binaries/Win64/../../../Engine/Shaders/SimpleElementVertexShader.usf" 326
"C:/Program Files/Epic Games/4.7/Engine/Binaries/Win64/../../../Engine/Shaders/ScreenVertexShader.usf" 327
"C:/Program Files/Epic Games/4.7/Engine/Binaries/Win64/../../../Engine/Shaders/ScreenPixelShader.usf" 328
"C:/Program Files/Epic Games/4.7/Engine/Binaries/Win64/../../../Engine/Shaders/RadixSortShaders.usf" 329
"C:/Program Files/Epic Games/4.7/Engine/Binaries/Win64/../../../Engine/Shaders/GpuSkinCacheComputeShader.usf" 330
"C:/Program Files/Epic Games/4.7/Engine/Binaries/Win64/../../../Engine/Shaders/NullPixelShader.usf" 331
"C:/Program Files/Epic Games/4.7/Engine/Binaries/Win64/../../../Engine/Shaders/ClearReplacementShaders.usf" 332
"C:/Program Files/Epic Games/4.7/Engine/Binaries/Win64/../../../Engine/Shaders/SimpleElementTexture2DPreviewPixelShader.usf" 333
"C:/Program Files/Epic Games/4.7/Engine/Binaries/Win64/../../../Engine/Shaders/SimpleElementNormalMapPixelShader.usf" 334
"C:/Program Files/Epic Games/4.7/Engine/Binaries/Win64/../../../Engine/Shaders/meshpaintdilatepixelshader.usf" 335
"C:/Program Files/Epic Games/4.7/Engine/Binaries/Win64/../../../Engine/Shaders/meshpaintdilatevertexshader.usf" 336
"C:/Program Files/Epic Games/4.7/Engine/Binaries/Win64/../../../Engine/Shaders/MeshPaintPixelShader.usf" 337
"C:/Program Files/Epic Games/4.7/Engine/Binaries/Win64/../../../Engine/Shaders/MeshPaintVertexShader.usf" 338
"../../../Engine/Config/Android/AndroidEngine.ini" 339
"../../../Engine/Config/HTML5/HTML5Engine.ini" 340
"../../../Engine/Config/IOS/IOSEngine.ini" 341
"../../../Engine/Config/Linux/LinuxEngine.ini" 342
"C:/Users/OculusRiftII/AppData/Local/UnrealEngine/4.7/DerivedDataCache/Boot.ddc" 343
"../../../Engine/DerivedDataCache/Compressed.ddp" 344
"../../../Engine/Content/EditorResources/S_Actor.uasset" 345
"../../../Engine/Content/EditorLandscapeResources/DataLayer.uasset" 346
"../../../Engine/Content/Maps/Templates/Thumbnails/Default.uasset" 347
"../../../Engine/Content/EditorMaterials/ParticleSystems/PSysThumbnail_NoImage.uasset" 348
"../../../Engine/Content/EditorMaterials/ParticleSystems/PSysThumbnail_OOD.uasset" 349
"../../../Engine/Content/EngineFonts/Roboto.uasset" 350
"../../../Engine/Content/EngineMaterials/Widget3DPassThrough_Translucent.uasset" 351
"../../../Engine/Content/EngineMaterials/Widget3DPassThrough.uasset" 352
"../../../Engine/Content/EngineResources/WhiteSquareTexture.uasset" 353
"../../../Engine/Content/Functions/Engine_MaterialFunctions01/Shading/PowerToRoughness.uasset" 354
"../../../Engine/Content/Functions/Engine_MaterialFunctions01/Shading/ConvertFromDiffSpec.uasset" 355
"../../../Engine/Content/EngineMaterials/WorldGridMaterial.uasset" 356
"../../../Engine/Content/Functions/Engine_MaterialFunctions01/Opacity/CameraDepthFade.uasset" 357
"../../../Engine/Content/EngineMaterials/T_Default_Material_Grid_M.uasset" 358
"../../../Engine/Content/EngineMaterials/T_Default_Material_Grid_N.uasset" 359
"../../../Engine/Content/EngineMaterials/DefaultDeferredDecalMaterial.uasset" 360
"../../../Engine/Content/EngineMaterials/DefaultDiffuse.uasset" 361
"../../../Engine/Content/EngineMaterials/DefaultLightFunctionMaterial.uasset" 362
"../../../Engine/Content/EngineMaterials/DefaultPostProcessMaterial.uasset" 363
"../../../Engine/Content/Functions/Engine_MaterialFunctions02/Utility/BreakOutFloat2Components.uasset" 364
"../../../Engine/Content/EngineResources/DefaultTexture.uasset" 365
"../../../Engine/Content/EngineMaterials/Widget3DPassThrough_Translucent_OneSided.uasset" 366
"../../../Engine/Content/EngineMaterials/Widget3DPassThrough_Opaque.uasset" 367
"../../../Engine/Content/EngineMaterials/Widget3DPassThrough_Opaque_OneSided.uasset" 368
"../../../Engine/Content/EngineDamageTypes/DmgTypeBP_Environmental.uasset" 369
"../../../Engine/Content/EngineMeshes/Sphere.uasset" 370
"../../../Engine/Content/EngineFonts/RobotoDistanceField.uasset" 371
"../../../Engine/Content/EngineMaterials/DefaultTextMaterialOpaque.uasset" 372
"../../../Engine/Content/EditorResources/S_Trigger.uasset" 373
"../../../Engine/Content/EngineResources/GradientTexture0.uasset" 374
"../../../Engine/Content/EngineResources/Black.uasset" 375
"../../../Engine/Content/EditorMaterials/MatineeGroups/MAT_Groups_Float.uasset" 376
"../../../Engine/Content/EditorMaterials/MatineeGroups/MAT_Groups_Director.uasset" 377
"../../../Engine/Content/EditorMaterials/MatineeGroups/MAT_Groups_Event.uasset" 378
"../../../Engine/Content/EditorMaterials/MatineeGroups/MAT_Groups_Anim.uasset" 379
"../../../Engine/Content/EditorMaterials/MatineeGroups/MAT_Groups_Fade.uasset" 380
"../../../Engine/Content/EditorMaterials/MatineeGroups/MAT_Groups_Move.uasset" 381
"../../../Engine/Content/EditorMaterials/MatineeGroups/MAT_Groups_Slomo.uasset" 382
"../../../Engine/Content/EditorMaterials/MatineeGroups/MAT_ColorTrack.uasset" 383
"../../../Engine/Content/EditorMaterials/MAT_Groups_Toggle.uasset" 384
"../../../Engine/Content/EditorMaterials/MatineeGroups/MAT_Groups_AudioMaster.uasset" 385
"../../../Engine/Content/EditorMaterials/MatineeGroups/MAT_Groups_Sound.uasset" 386
"../../../Engine/Content/EditorMaterials/MatineeGroups/MAT_Groups_Vector.uasset" 387
"../../../Engine/Content/EditorMaterials/MAT_Groups_Visibility.uasset" 388
"../../../Engine/Content/EngineResources/DefaultTextureCube.uasset" 389
"../../../Engine/Content/EngineSounds/Master.uasset" 390
"../../../Engine/Content/EngineSounds/Music.uasset" 391
"../../../Engine/Content/EngineSounds/SFX.uasset" 392
"../../../Engine/Content/EngineSounds/Normal_Attack.uasset" 393
"../../../Engine/Content/EngineSounds/Special_Attack_PSM.uasset" 394
"../../../Engine/Content/EngineSounds/Duck_Normal_Attack_MixMod.uasset" 395
"../../../Engine/Content/EngineSounds/Voice.uasset" 396
"../../../Engine/Content/EngineMeshes/Cylinder.uasset" 397
"../../../Engine/Content/EngineMaterials/DefaultMaterial.uasset" 398
"../../../Engine/Content/EngineTireTypes/DefaultTireType.uasset" 399
"../../../Engine/Content/Editor/Slate/Fonts/FontAwesome.ttf" 400
"../../../Engine/Content/Editor/Slate/Fonts/DroidSansMono.ttf" 401
"../../../Engine/Content/Editor/Slate/Fonts/Roboto-BoldCondensed.ttf" 402
"../../../Engine/Content/Editor/Slate/Fonts/Roboto-Black.ttf" 403
"../../../Engine/Content/Editor/Slate/Fonts/Roboto-Italic.ttf" 404
"../../../Engine/Content/Editor/Slate/Fonts/Roboto-BoldCondensedItalic.ttf" 405
"../../../Engine/Plugins/2D/Paper2D/Content/MaskedUnlitSpriteMaterial.uasset" 406
"../../../Engine/Plugins/2D/Paper2D/Content/DefaultSpriteMaterial.uasset" 407
"../../../Engine/Plugins/2D/Paper2D/Content/DummySpriteTexture.uasset" 408
"../../../Engine/Plugins/2D/Paper2D/Content/OpaqueUnlitSpriteMaterial.uasset" 409
"../../../Engine/Plugins/2D/Paper2D/Content/DefaultPaperTerrainMaterial.uasset" 410
"../../../Engine/Plugins/2D/Paper2D/Content/DummySprite.uasset" 411
"C:/Users/OculusRiftII/AppData/Local/UnrealEngine/4.7/Saved/Config/Windows/SourceControlSettings.ini" 412
"D:/Development/Unreal/OptinousPointAndClick/OptinousRoom/Intermediate/Config/CoalescedSourceConfigs/SourceControlSettings.ini" 413
"D:/Development/Unreal/OptinousPointAndClick/OptinousRoom/Saved/Config/Windows/SourceControlSettings.ini" 414
"../../../Engine/Content/EngineMaterials/RemoveSurfaceMaterial.uasset" 415
"../../../Engine/Content/EngineDebugMaterials/DebugMeshMaterial.uasset" 416
"../../../Engine/Content/EngineMaterials/M_InvalidLightmapSettings.uasset" 417
"../../../Engine/Content/EngineMaterials/InvalidLightmapSettings.uasset" 418
"../../../Engine/Content/EditorMaterials/GizmoMaterial.uasset" 419
"../../../Engine/Content/EngineMaterials/Good64x64TilingNoiseHighFreq.uasset" 420
"../../../Engine/Content/EngineMaterials/DefaultBokeh.uasset" 421
"../../../Engine/Content/EngineMaterials/PreintegratedSkinBRDF.uasset" 422
"../../../Engine/Content/EngineMaterials/MiniFont.uasset" 423
"../../../Engine/Content/EngineMaterials/WeightMapPlaceholderTexture.uasset" 424
"../../../Engine/Content/EngineMaterials/DefaultWhiteGrid.uasset" 425
"../../../Engine/Content/EngineMaterials/DefaultPhysicalMaterial.uasset" 426
"../../../Engine/Content/EngineFonts/RobotoTiny.uasset" 427
"D:/Development/Unreal/OptinousPointAndClick/OptinousRoom/Intermediate/CachedAssetRegistry.bin" 428
"D:/Development/Unreal/OptinousPointAndClick/OptinousRoom/Content/Blueprints/KinectGameMode.uasset" 429
"D:/Development/Unreal/OptinousPointAndClick/OptinousRoom/Content/Levels/OptinousRoom.umap" 430
"../../../Engine/Content/MobileResources/HUD/VirtualJoystick_Thumb.uasset" 431
"../../../Engine/Content/MobileResources/HUD/VirtualJoystick_Background.uasset" 432
"../../../Engine/Content/MobileResources/HUD/T_Castle_ThumbstickOutter.uasset" 433
"../../../Engine/Content/MobileResources/HUD/T_Castle_ThumbstickInner.uasset" 434
"../../../Engine/Content/MobileResources/HUD/MobileHUDDirectionStick.uasset" 435
"../../../Engine/Content/MobileResources/HUD/MobileHUDDirectionPad3.uasset" 436
"../../../Engine/Content/MobileResources/HUD/MobileHUDDirectionPad2.uasset" 437
"../../../Engine/Content/MobileResources/HUD/MobileHUDDirectionPad.uasset" 438
"../../../Engine/Content/MobileResources/HUD/MobileHUDButtonFire.uasset" 439
"../../../Engine/Content/MobileResources/HUD/MobileHUDButton3.uasset" 440
"../../../Engine/Content/MobileResources/HUD/MobileHUDButton2_on.uasset" 441
"../../../Engine/Content/MobileResources/HUD/MobileHUDButton2_off.uasset" 442
"../../../Engine/Content/MobileResources/HUD/MobileHUDButton1_on.uasset" 443
"../../../Engine/Content/MobileResources/HUD/MobileHUDButton1_off.uasset" 444
"../../../Engine/Content/MobileResources/HUD/LeftVirtualJoystickOnly.uasset" 445
"../../../Engine/Content/MobileResources/HUD/DefaultVirtualJoysticks.uasset" 446
"../../../Engine/Content/MobileResources/HUD/AnalogHat.uasset" 447
"../../../Engine/Content/MobileResources/T_MobileMenu2.uasset" 448
"../../../Engine/Content/MobileResources/T_MobileControls_texture.uasset" 449
"D:/Development/Unreal/OptinousPointAndClick/OptinousRoom/Content/Charakter/KinectCharacter.uasset" 450
"D:/Development/Unreal/OptinousPointAndClick/OptinousRoom/Content/Charakter/ABP_Avateering_Anim.uasset" 451
"D:/Development/Unreal/OptinousPointAndClick/OptinousRoom/Content/Charakter/HeroTPP_Skeleton.uasset" 452
"D:/Development/Unreal/OptinousPointAndClick/OptinousRoom/Content/Charakter/HeroTPP.uasset" 453
"D:/Development/Unreal/OptinousPointAndClick/OptinousRoom/Content/Materials/Charakter_Instance.uasset" 454
"D:/Development/Unreal/OptinousPointAndClick/OptinousRoom/Content/Materials/Charakter_Parent.uasset" 455
"C:/Users/OculusRiftII/AppData/Local/UnrealEngine/Common/DerivedDataCache/7/1/5/MATSM_85DD00DAF10D45C79D4ED0306AF2628B_PCD3D_SM5_2__BC5N_DEV_SL_NODBUFE6474BA7__E7E3A13A03B9F45C396DD6EB74099AA2174A4266.udd" 456
"C:/Users/OculusRiftII/AppData/Local/UnrealEngine/Common/DerivedDataCache/2/6/5/MATSM_85DD00DAF10D45C79D4ED0306AF2628B_PCD3D_SM4_2__BC5N_DEV_SL_NODBUFE6474BA7__5C1A51C2A53F67DA4C5AEFA871196B32CE2E25FC.udd" 457
"../../../Engine/Content/Maps/Entry.umap" 458
"../../../Engine/Content/EngineMaterials/DefaultNormal.uasset" 459
"../../../Engine/Content/EngineSky/BP_Sky_Sphere.uasset" 460
"../../../Engine/Content/EditorBlueprintResources/StandardMacros.uasset" 461
"../../../Engine/Content/EngineSky/C_Sky_Cloud_Color.uasset" 462
"../../../Engine/Content/EngineSky/C_Sky_Horizon_Color.uasset" 463
"../../../Engine/Content/EngineSky/C_Sky_Zenith_Color.uasset" 464
"../../../Engine/Content/EngineSky/M_Sky_Panning_Clouds2.uasset" 465
"../../../Engine/Content/EngineSky/T_Sky_Blue.uasset" 466
"../../../Engine/Content/EngineSky/T_Sky_Clouds_M.uasset" 467
"../../../Engine/Content/EngineSky/T_Sky_Stars.uasset" 468
"../../../Engine/Content/EngineSky/SM_SkySphere.uasset" 469
"D:/Development/Unreal/OptinousPointAndClick/OptinousRoom/Content/BluePrints/BigScreen.uasset" 470
"../../../Engine/Content/BasicShapes/BasicShapeMaterial.uasset" 471
"../../../Engine/Content/BasicShapes/Cube.uasset" 472
"D:/Development/Unreal/OptinousPointAndClick/OptinousRoom/Content/BluePrints/KinectCameras.uasset" 473
"D:/Development/Unreal/OptinousPointAndClick/OptinousRoom/Content/Materials/Dynamic_Material.uasset" 474
"D:/Development/Unreal/OptinousPointAndClick/OptinousRoom/Content/Materials/M_AssetPlatform.uasset" 475
"D:/Development/Unreal/OptinousPointAndClick/OptinousRoom/Content/Materials/M_Basic_Floor.uasset" 476
"D:/Development/Unreal/OptinousPointAndClick/OptinousRoom/Content/Materials/M_Basic_Wall.uasset" 477
"D:/Development/Unreal/OptinousPointAndClick/OptinousRoom/Content/Materials/Wood_Basic.uasset" 478
"D:/Development/Unreal/OptinousPointAndClick/OptinousRoom/Content/Materials/Metal_Basic.uasset" 479
"D:/Development/Unreal/OptinousPointAndClick/OptinousRoom/Content/Mashes/Table.uasset" 480
"C:/Users/OculusRiftII/AppData/Local/UnrealEngine/Common/DerivedDataCache/9/7/6/TEXTURE_75F87CE100B546AAB8A1C4132AF9DB17_AUTODXT_341E7D384A1B9F12738BC8942FF17__E637176C15A0C1237B5AFCD4DBCC157AD727D079.udd" 481
"C:/Users/OculusRiftII/AppData/Local/UnrealEngine/Common/DerivedDataCache/0/6/6/TEXTURE_75F87CE100B546AAB8A1C4132AF9DB17_AUTODXT_341E7D384A1B9F12738BC8942FF17__FAF368D0FE6ADB15B5D7008C7B895F9ADBE4ABC9.udd" 482
"C:/Users/OculusRiftII/AppData/Local/UnrealEngine/Common/DerivedDataCache/0/6/9/TEXTURE_75F87CE100B546AAB8A1C4132AF9DB17_AUTODXT_341E7D384A1B9F12738BC8942FF17__D908C343EBD04A3CA0C57E6A9AE9D92E7365C571.udd" 483
"C:/Users/OculusRiftII/AppData/Local/UnrealEngine/Common/DerivedDataCache/4/2/6/TEXTURE_75F87CE100B546AAB8A1C4132AF9DB17_AUTODXT_341E7D384A1B9F12738BC8942FF17__B80C3C0C6FFD9EB4C3A39C78CEA5F8EDB6460D50.udd" 484
"C:/Users/OculusRiftII/AppData/Local/UnrealEngine/Common/DerivedDataCache/1/5/3/TEXTURE_75F87CE100B546AAB8A1C4132AF9DB17_DXT1_525A06FF4FE5955DCEA0D2B46DD5B5AA__9F4226C7E6DF4A3A34714AF1CBA62F539A74A1C9.udd" 485
"C:/Users/OculusRiftII/AppData/Local/UnrealEngine/Common/DerivedDataCache/9/2/0/TEXTURE_75F87CE100B546AAB8A1C4132AF9DB17_DXT1_525A06FF4FE5955DCEA0D2B46DD5B5AA__24ADBE0DD389652963AA0B901BAD7235C4C261A4.udd" 486
"C:/Users/OculusRiftII/AppData/Local/UnrealEngine/Common/DerivedDataCache/3/9/9/TEXTURE_75F87CE100B546AAB8A1C4132AF9DB17_DXT1_525A06FF4FE5955DCEA0D2B46DD5B5AA__3C66D0D07E71E5522E6370916416DB7727F0BA99.udd" 487
"C:/Users/OculusRiftII/AppData/Local/UnrealEngine/Common/DerivedDataCache/1/9/4/TEXTURE_75F87CE100B546AAB8A1C4132AF9DB17_DXT1_525A06FF4FE5955DCEA0D2B46DD5B5AA__166BAE125C552834DF96A3FF95B35BDB62C8BAAE.udd" 488
"C:/Users/OculusRiftII/AppData/Local/UnrealEngine/Common/DerivedDataCache/5/1/8/TEXTURE_75F87CE100B546AAB8A1C4132AF9DB17_BGRA8_FECB99624ED0DF0F64988999EC76B90__FD5703F38E1770DB2A2B4842B8163039574BD57B.udd" 489
"C:/Users/OculusRiftII/AppData/Local/UnrealEngine/Common/DerivedDataCache/9/3/3/TEXTURE_75F87CE100B546AAB8A1C4132AF9DB17_BGRA8_FECB99624ED0DF0F64988999EC76B90__9485C0E59FF1F8D434D962B4E1CD84FFD66AEA5B.udd" 490
"C:/Users/OculusRiftII/AppData/Local/UnrealEngine/Common/DerivedDataCache/8/1/9/TEXTURE_75F87CE100B546AAB8A1C4132AF9DB17_BGRA8_FECB99624ED0DF0F64988999EC76B90__3ABD40E989925C99F29F0FF8FD75769433BC1D76.udd" 491
"C:/Users/OculusRiftII/AppData/Local/UnrealEngine/Common/DerivedDataCache/5/5/5/TEXTURE_75F87CE100B546AAB8A1C4132AF9DB17_BGRA8_FECB99624ED0DF0F64988999EC76B90__0BCD0B19A64F4A7ABCDFD6C1C27C3593302153FB.udd" 492
"C:/Users/OculusRiftII/AppData/Local/UnrealEngine/Common/DerivedDataCache/2/2/5/TEXTURE_75F87CE100B546AAB8A1C4132AF9DB17_BGRA8_463742FA41FF389CC2160F9CBD785E1__AE19C5637FEF45C9FF3BE0AC993BC73551D74526.udd" 493
"C:/Users/OculusRiftII/AppData/Local/UnrealEngine/Common/DerivedDataCache/4/0/2/TEXTURE_75F87CE100B546AAB8A1C4132AF9DB17_BGRA8_463742FA41FF389CC2160F9CBD785E1__0B0A0406319D40DB58E59BC42B0F62872440C87E.udd" 494
"C:/Users/OculusRiftII/AppData/Local/UnrealEngine/Common/DerivedDataCache/6/8/3/TEXTURE_75F87CE100B546AAB8A1C4132AF9DB17_BGRA8_463742FA41FF389CC2160F9CBD785E1__8AA897C44492D1037589DC0003880A2B683B87E7.udd" 495
"C:/Users/OculusRiftII/AppData/Local/UnrealEngine/Common/DerivedDataCache/6/6/5/TEXTURE_75F87CE100B546AAB8A1C4132AF9DB17_BGRA8_5683D44E4AC35811CE93EDA107AB958__815092DC8111602DC1627B26B715BEFB59E73079.udd" 496
"C:/Users/OculusRiftII/AppData/Local/UnrealEngine/Common/DerivedDataCache/2/4/4/MATSM_85DD00DAF10D45C79D4ED0306AF2628B_PCD3D_SM5_2__BC5N_DEV_SL_NODBUF237C6D9A__42DA8DFE4F3B87492F651D1D49F4610A49C9F8AF.udd" 497
"C:/Users/OculusRiftII/AppData/Local/UnrealEngine/Common/DerivedDataCache/6/3/9/MATSM_85DD00DAF10D45C79D4ED0306AF2628B_PCD3D_SM4_2__BC5N_DEV_SL_NODBUF237C6D9A__D92871B28446B12B081E9A9FB358D7D4F22CE9FB.udd" 498
"C:/Users/OculusRiftII/AppData/Local/UnrealEngine/Common/DerivedDataCache/0/7/5/MATSM_85DD00DAF10D45C79D4ED0306AF2628B_PCD3D_SM5_2__BC5N_DEV_SL_NODBUF6ADFCFB2__C7D013A3DD6323BE6FA3E84912E4B815E8DCE815.udd" 499
"C:/Users/OculusRiftII/AppData/Local/UnrealEngine/Common/DerivedDataCache/4/3/4/MATSM_85DD00DAF10D45C79D4ED0306AF2628B_PCD3D_SM4_2__BC5N_DEV_SL_NODBUF6ADFCFB2__CFBF195AA47E5A88D0742B4FFCA3480060FAB835.udd" 500
"C:/Users/OculusRiftII/AppData/Local/UnrealEngine/Common/DerivedDataCache/2/9/9/MATSM_85DD00DAF10D45C79D4ED0306AF2628B_PCD3D_SM5_2__BC5N_DEV_SL_NODBUFB1F9A105__E86CB4705374AB6D5D55850D4F96601C1C9B92D5.udd" 501
"C:/Users/OculusRiftII/AppData/Local/UnrealEngine/Common/DerivedDataCache/5/5/5/MATSM_85DD00DAF10D45C79D4ED0306AF2628B_PCD3D_SM4_2__BC5N_DEV_SL_NODBUFB1F9A105__266DEC826C9E62F3BCC093189C82C598E2AD2BA9.udd" 502
"C:/Users/OculusRiftII/AppData/Local/UnrealEngine/Common/DerivedDataCache/4/8/7/MATSM_85DD00DAF10D45C79D4ED0306AF2628B_PCD3D_SM5_2__BC5N_DEV_SL_NODBUFA2629F76__3CFCE190C3A588435FA04C40C1D2645583D08AC9.udd" 503
"C:/Users/OculusRiftII/AppData/Local/UnrealEngine/Common/DerivedDataCache/6/7/5/MATSM_85DD00DAF10D45C79D4ED0306AF2628B_PCD3D_SM4_2__BC5N_DEV_SL_NODBUFA2629F76__F11A760EC386516564734F1DADC6776A68DA975B.udd" 504
"C:/Users/OculusRiftII/AppData/Local/UnrealEngine/Common/DerivedDataCache/7/0/0/MATSM_85DD00DAF10D45C79D4ED0306AF2628B_PCD3D_SM5_2__BC5N_DEV_SL_NODBUF3D5500D7__E16735C150C9754CE504D8E867763F2A604856B8.udd" 505
"C:/Users/OculusRiftII/AppData/Local/UnrealEngine/Common/DerivedDataCache/8/5/3/MATSM_85DD00DAF10D45C79D4ED0306AF2628B_PCD3D_SM4_2__BC5N_DEV_SL_NODBUF3D5500D7__0FA9083FAA039C53EFD266B804B9288B13718DA8.udd" 506
"C:/Users/OculusRiftII/AppData/Local/UnrealEngine/Common/DerivedDataCache/9/0/2/MATSM_85DD00DAF10D45C79D4ED0306AF2628B_PCD3D_SM5_2__BC5N_DEV_SL_NODBUF9166AFA3__67336C2FAEA2F12AD4648C90340950A309934ADA.udd" 507
"C:/Users/OculusRiftII/AppData/Local/UnrealEngine/Common/DerivedDataCache/8/6/5/MATSM_85DD00DAF10D45C79D4ED0306AF2628B_PCD3D_SM4_2__BC5N_DEV_SL_NODBUF9166AFA3__96D61A389FB6307264E4BA2D9A4CB9ED55B18555.udd" 508
"C:/Users/OculusRiftII/AppData/Local/UnrealEngine/Common/DerivedDataCache/5/2/8/STATICMESH_46A8778361B442A9523C54440EA1E9D_2C1BC8F50A7A43818AFE266EB43D9060_8E__2C1D8337DEA24097E50193B06BF6976A54FDE9D7.udd" 509
"C:/Users/OculusRiftII/AppData/Local/UnrealEngine/Common/DerivedDataCache/7/2/0/PHYSX_$7B1F0627AE$2DABEB$2D4206$2D8D78$2DE16BEB5DDC7E$7D_PHYSXPC_42E1FF97426C2__2C6C40F95718092FFB5B6D5B0CA58881F0864040.udd" 510
"C:/Users/OculusRiftII/AppData/Local/UnrealEngine/Common/DerivedDataCache/9/5/1/PHYSX_$7B1F0627AE$2DABEB$2D4206$2D8D78$2DE16BEB5DDC7E$7D_PHYSXPC_B7E169B2424F805483A01F83357C17A3__1_0_13075_0.udd" 511
"C:/Users/OculusRiftII/AppData/Local/UnrealEngine/Common/DerivedDataCache/4/8/9/PHYSX_$7B1F0627AE$2DABEB$2D4206$2D8D78$2DE16BEB5DDC7E$7D_PHYSXPC_4B760A184DD8E7BD4BB040847314B69F__1_0_13075_0.udd" 512
"C:/Users/OculusRiftII/AppData/Local/UnrealEngine/Common/DerivedDataCache/9/8/2/PHYSX_$7B1F0627AE$2DABEB$2D4206$2D8D78$2DE16BEB5DDC7E$7D_PHYSXPC_207754124D1616A24DF6B7A870ED6729__1_0_13075_0.udd" 513
"C:/Users/OculusRiftII/AppData/Local/UnrealEngine/Common/DerivedDataCache/1/9/4/PHYSX_$7B1F0627AE$2DABEB$2D4206$2D8D78$2DE16BEB5DDC7E$7D_PHYSXPC_C73BB9CF4E6DC9F517041CAC90A94F4E__1_0_13075_0.udd" 514
"C:/Users/OculusRiftII/AppData/Local/UnrealEngine/Common/DerivedDataCache/4/2/0/PHYSX_$7B1F0627AE$2DABEB$2D4206$2D8D78$2DE16BEB5DDC7E$7D_PHYSXPC_56BDD33F4D54907580F65AAB0C0BCB81__1_0_13075_0.udd" 515
"C:/Users/OculusRiftII/AppData/Local/UnrealEngine/Common/DerivedDataCache/1/4/1/PHYSX_$7B1F0627AE$2DABEB$2D4206$2D8D78$2DE16BEB5DDC7E$7D_PHYSXPC_087283A74516B5A5D3B5739E0C678B8C__1_0_13075_0.udd" 516
"C:/Users/OculusRiftII/AppData/Local/UnrealEngine/Common/DerivedDataCache/9/6/9/PHYSX_$7B1F0627AE$2DABEB$2D4206$2D8D78$2DE16BEB5DDC7E$7D_PHYSXPC_9B880BFC4CC743A9FA603FBE4DAC11CD__1_0_13075_0.udd" 517
"C:/Users/OculusRiftII/AppData/Local/UnrealEngine/Common/DerivedDataCache/7/9/5/PHYSX_$7B1F0627AE$2DABEB$2D4206$2D8D78$2DE16BEB5DDC7E$7D_PHYSXPC_D327A0BD489A03FE3D5B8BA87A9B6DAC__1_0_13075_0.udd" 518
"C:/Users/OculusRiftII/AppData/Local/UnrealEngine/Common/DerivedDataCache/0/1/3/REFL_ENC_96DFC022836B48889143E9DF484C3296_C1F266914055A4FB302C50AB3D8ADF70.udd" 519
"C:/Users/OculusRiftII/AppData/Local/UnrealEngine/Common/DerivedDataCache/7/8/3/REFL_ENC_96DFC022836B48889143E9DF484C3296_C96430DD424287C5AE4F42B822CB6CC3.udd" 520
"C:/Users/OculusRiftII/AppData/Local/UnrealEngine/Common/DerivedDataCache/0/9/5/REFL_ENC_96DFC022836B48889143E9DF484C3296_9FCE7CBF477AC499D143FC86B3976EAB.udd" 521
"C:/Users/OculusRiftII/AppData/Local/UnrealEngine/Common/DerivedDataCache/4/9/1/REFL_ENC_96DFC022836B48889143E9DF484C3296_2EE03F84483A6982FEC095B6A037212A.udd" 522
"C:/Users/OculusRiftII/AppData/Local/UnrealEngine/Common/DerivedDataCache/7/6/1/REFL_ENC_96DFC022836B48889143E9DF484C3296_003396C54DD5B49AA542F49F6FBA8B30.udd" 523
"C:/Users/OculusRiftII/AppData/Local/UnrealEngine/Common/DerivedDataCache/3/3/2/REFL_ENC_96DFC022836B48889143E9DF484C3296_3FACB20542E66B2BFB9F2B87291C25B5.udd" 524
"../../../Engine/Content/EditorResources/EmptyActor.uasset" 525
"../../../Engine/Content/EditorResources/LightIcons/S_LightError.uasset" 526
"D:/Development/Unreal/OptinousPointAndClick/OptinousRoom/Content/Textures/T_Wood_A_S.uasset" 527
"D:/Development/Unreal/OptinousPointAndClick/OptinousRoom/Content/Textures/T_Wood_A_N.uasset" 528
"D:/Development/Unreal/OptinousPointAndClick/OptinousRoom/Content/Textures/T_Wood_a_d.uasset" 529
"D:/Development/Unreal/OptinousPointAndClick/OptinousRoom/Content/Textures/T_White_Painted_Metal_N.uasset" 530
"D:/Development/Unreal/OptinousPointAndClick/OptinousRoom/Content/Textures/T_White_Painted_Metal_D.uasset" 531
"D:/Development/Unreal/OptinousPointAndClick/OptinousRoom/Content/Textures/T_UNV_Concrete02_N.uasset" 532
"D:/Development/Unreal/OptinousPointAndClick/OptinousRoom/Content/Textures/T_UNV_Concrete02.uasset" 533
"D:/Development/Unreal/OptinousPointAndClick/OptinousRoom/Content/Textures/T_Underground_Base_Pipe_N.uasset" 534
"D:/Development/Unreal/OptinousPointAndClick/OptinousRoom/Content/Textures/T_Underground_Base_Pipe_D.uasset" 535
"D:/Development/Unreal/OptinousPointAndClick/OptinousRoom/Content/Textures/T_Stone_Brick_N.uasset" 536
"D:/Development/Unreal/OptinousPointAndClick/OptinousRoom/Content/Textures/T_Stone_Brick_D.uasset" 537
"D:/Development/Unreal/OptinousPointAndClick/OptinousRoom/Content/Textures/T_Sky_Stars.uasset" 538
"D:/Development/Unreal/OptinousPointAndClick/OptinousRoom/Content/Textures/T_Sky_Clouds_M.uasset" 539
"D:/Development/Unreal/OptinousPointAndClick/OptinousRoom/Content/Textures/T_Rock_Detail_03_D.uasset" 540
"D:/Development/Unreal/OptinousPointAndClick/OptinousRoom/Content/Textures/T_Rock_Detail_02_N.uasset" 541
"D:/Development/Unreal/OptinousPointAndClick/OptinousRoom/Content/Textures/T_Rock_Detail_02_D.uasset" 542
"D:/Development/Unreal/OptinousPointAndClick/OptinousRoom/Content/Textures/T_Rock_11b_D.uasset" 543
"D:/Development/Unreal/OptinousPointAndClick/OptinousRoom/Content/Textures/T_Rock_10_N.uasset" 544
"D:/Development/Unreal/OptinousPointAndClick/OptinousRoom/Content/Textures/T_Rock_10_D.uasset" 545
"D:/Development/Unreal/OptinousPointAndClick/OptinousRoom/Content/Textures/T_Rock_09_D.uasset" 546
"D:/Development/Unreal/OptinousPointAndClick/OptinousRoom/Content/Textures/T_Rock_08_N.uasset" 547
"D:/Development/Unreal/OptinousPointAndClick/OptinousRoom/Content/Textures/T_Rock_08_D.uasset" 548
"D:/Development/Unreal/OptinousPointAndClick/OptinousRoom/Content/Textures/T_Rock_07_N.uasset" 549
"D:/Development/Unreal/OptinousPointAndClick/OptinousRoom/Content/Textures/T_Rock_07_D.uasset" 550
"D:/Development/Unreal/OptinousPointAndClick/OptinousRoom/Content/Textures/T_Rock_07b_D.uasset" 551
"D:/Development/Unreal/OptinousPointAndClick/OptinousRoom/Content/Textures/T_Rock_06_N.uasset" 552
"D:/Development/Unreal/OptinousPointAndClick/OptinousRoom/Content/Textures/T_Rock_06_D.uasset" 553
"D:/Development/Unreal/OptinousPointAndClick/OptinousRoom/Content/Textures/T_Rock_05_N.uasset" 554
"D:/Development/Unreal/OptinousPointAndClick/OptinousRoom/Content/Textures/T_Rock_05_D.uasset" 555
"D:/Development/Unreal/OptinousPointAndClick/OptinousRoom/Content/Textures/T_Rock_03_N.uasset" 556
"D:/Development/Unreal/OptinousPointAndClick/OptinousRoom/Content/Textures/T_Rock_03_D.uasset" 557
"D:/Development/Unreal/OptinousPointAndClick/OptinousRoom/Content/Textures/T_Rock_01_N.uasset" 558
"D:/Development/Unreal/OptinousPointAndClick/OptinousRoom/Content/Textures/T_Rock_01_D.uasset" 559
"D:/Development/Unreal/OptinousPointAndClick/OptinousRoom/Content/Textures/T_Rocky_01_N.uasset" 560
"D:/Development/Unreal/OptinousPointAndClick/OptinousRoom/Content/Textures/T_PatchyGrass_N.uasset" 561
"D:/Development/Unreal/OptinousPointAndClick/OptinousRoom/Content/Textures/T_PatchyGrass_D.uasset" 562
"D:/Development/Unreal/OptinousPointAndClick/OptinousRoom/Content/Textures/T_Paint_Metal_Rust_N.uasset" 563
"D:/Development/Unreal/OptinousPointAndClick/OptinousRoom/Content/Textures/T_Paint_Metal_Rust_D.uasset" 564
"D:/Development/Unreal/OptinousPointAndClick/OptinousRoom/Content/Textures/T_PaintedMetal01_N.uasset" 565
"D:/Development/Unreal/OptinousPointAndClick/OptinousRoom/Content/Textures/T_PaintedMetal01.uasset" 566
"D:/Development/Unreal/OptinousPointAndClick/OptinousRoom/Content/Textures/T_Metal_Scuffed_N.uasset" 567
"D:/Development/Unreal/OptinousPointAndClick/OptinousRoom/Content/Textures/T_Metal_Scuffed_D.uasset" 568
"D:/Development/Unreal/OptinousPointAndClick/OptinousRoom/Content/Textures/T_Metal_Rust_01_N.uasset" 569
"D:/Development/Unreal/OptinousPointAndClick/OptinousRoom/Content/Textures/T_Metal_Rust_01_D.uasset" 570
"D:/Development/Unreal/OptinousPointAndClick/OptinousRoom/Content/Textures/T_Metal_Painted_04_N.uasset" 571
"D:/Development/Unreal/OptinousPointAndClick/OptinousRoom/Content/Textures/T_Metal_Painted_04_D.uasset" 572
"D:/Development/Unreal/OptinousPointAndClick/OptinousRoom/Content/Textures/T_Metal_Metal03_N.uasset" 573
"D:/Development/Unreal/OptinousPointAndClick/OptinousRoom/Content/Textures/T_Metal_Metal03_D.uasset" 574
"D:/Development/Unreal/OptinousPointAndClick/OptinousRoom/Content/Textures/T_Metal_Metal01_N.uasset" 575
"D:/Development/Unreal/OptinousPointAndClick/OptinousRoom/Content/Textures/T_Metal_Metal01_D.uasset" 576
"D:/Development/Unreal/OptinousPointAndClick/OptinousRoom/Content/Textures/T_Metal_Dark_Gun_metal_N.uasset" 577
"D:/Development/Unreal/OptinousPointAndClick/OptinousRoom/Content/Textures/T_Metal_Dark_Gun_metal_E.uasset" 578
"D:/Development/Unreal/OptinousPointAndClick/OptinousRoom/Content/Textures/T_Ground_Noise_N.uasset" 579
"D:/Development/Unreal/OptinousPointAndClick/OptinousRoom/Content/Textures/T_Ground_Dirt_N.uasset" 580
"D:/Development/Unreal/OptinousPointAndClick/OptinousRoom/Content/Textures/T_Ground_Dirt_D.uasset" 581
"D:/Development/Unreal/OptinousPointAndClick/OptinousRoom/Content/Textures/T_Ground_Detail_N.uasset" 582
"D:/Development/Unreal/OptinousPointAndClick/OptinousRoom/Content/Textures/T_Ground_02_N.uasset" 583
"D:/Development/Unreal/OptinousPointAndClick/OptinousRoom/Content/Textures/T_Ground_02_D.uasset" 584
"D:/Development/Unreal/OptinousPointAndClick/OptinousRoom/Content/Textures/T_Ground_01_N.uasset" 585
"D:/Development/Unreal/OptinousPointAndClick/OptinousRoom/Content/Textures/T_Ground_01_D.uasset" 586
"D:/Development/Unreal/OptinousPointAndClick/OptinousRoom/Content/Textures/T_Gravel_N.uasset" 587
"D:/Development/Unreal/OptinousPointAndClick/OptinousRoom/Content/Textures/T_Gravel_D.uasset" 588
"D:/Development/Unreal/OptinousPointAndClick/OptinousRoom/Content/Textures/T_Generic_Concrete_Base_07_N.uasset" 589
"D:/Development/Unreal/OptinousPointAndClick/OptinousRoom/Content/Textures/T_Generic_Concrete_Base_07.uasset" 590
"D:/Development/Unreal/OptinousPointAndClick/OptinousRoom/Content/Textures/T_Generic_Concrete_Base_06_N.uasset" 591
"D:/Development/Unreal/OptinousPointAndClick/OptinousRoom/Content/Textures/T_Generic_Concrete_Base_06.uasset" 592
"D:/Development/Unreal/OptinousPointAndClick/OptinousRoom/Content/Textures/T_Generic_Concrete_Base04_N.uasset" 593
"D:/Development/Unreal/OptinousPointAndClick/OptinousRoom/Content/Textures/T_Generic_Concrete_Base04_D.uasset" 594
"D:/Development/Unreal/OptinousPointAndClick/OptinousRoom/Content/Textures/T_Generic_Concrete_Base02_N.uasset" 595
"D:/Development/Unreal/OptinousPointAndClick/OptinousRoom/Content/Textures/T_Generic_Concrete_Base02.uasset" 596
"D:/Development/Unreal/OptinousPointAndClick/OptinousRoom/Content/Textures/T_Dirt_N.uasset" 597
"D:/Development/Unreal/OptinousPointAndClick/OptinousRoom/Content/Textures/T_Dirt_D.uasset" 598
"D:/Development/Unreal/OptinousPointAndClick/OptinousRoom/Content/Textures/T_DesertCrystal01_N.uasset" 599
"D:/Development/Unreal/OptinousPointAndClick/OptinousRoom/Content/Textures/T_Concrete_Wall_N.uasset" 600
"D:/Development/Unreal/OptinousPointAndClick/OptinousRoom/Content/Textures/T_Concrete_Wall_D.uasset" 601
"D:/Development/Unreal/OptinousPointAndClick/OptinousRoom/Content/Textures/T_Concrete_Wall07_N.uasset" 602
"D:/Development/Unreal/OptinousPointAndClick/OptinousRoom/Content/Textures/T_Concrete_Wall07.uasset" 603
"D:/Development/Unreal/OptinousPointAndClick/OptinousRoom/Content/Textures/T_Concrete_N.uasset" 604
"D:/Development/Unreal/OptinousPointAndClick/OptinousRoom/Content/Textures/T_Concrete_Floor01_N.uasset" 605
"D:/Development/Unreal/OptinousPointAndClick/OptinousRoom/Content/Textures/T_Concrete_Floor01.uasset" 606
"D:/Development/Unreal/OptinousPointAndClick/OptinousRoom/Content/Textures/T_Concrete_D.uasset" 607
"D:/Development/Unreal/OptinousPointAndClick/OptinousRoom/Content/Textures/T_Concrete_01_N.uasset" 608
"D:/Development/Unreal/OptinousPointAndClick/OptinousRoom/Content/Textures/T_Concrete_01_D.uasset" 609
"D:/Development/Unreal/OptinousPointAndClick/OptinousRoom/Content/Textures/T_Concrete01_N.uasset" 610
"D:/Development/Unreal/OptinousPointAndClick/OptinousRoom/Content/Textures/T_Concrete01_D.uasset" 611
"D:/Development/Unreal/OptinousPointAndClick/OptinousRoom/Content/Textures/T_Cobble_01_H.uasset" 612
"D:/Development/Unreal/OptinousPointAndClick/OptinousRoom/Content/Textures/T_CobbleStone_04_R.uasset" 613
"D:/Development/Unreal/OptinousPointAndClick/OptinousRoom/Content/Textures/T_CobbleStone_04_N.uasset" 614
"D:/Development/Unreal/OptinousPointAndClick/OptinousRoom/Content/Textures/T_CobbleStone_04_D.uasset" 615
"D:/Development/Unreal/OptinousPointAndClick/OptinousRoom/Content/Textures/T_CobbleStone_04b_D.uasset" 616
"D:/Development/Unreal/OptinousPointAndClick/OptinousRoom/Content/Textures/T_CobbleDark_01_D.uasset" 617
"D:/Development/Unreal/OptinousPointAndClick/OptinousRoom/Content/Textures/T_Cliff_N.uasset" 618
"D:/Development/Unreal/OptinousPointAndClick/OptinousRoom/Content/Textures/T_Cliff_M.uasset" 619
"D:/Development/Unreal/OptinousPointAndClick/OptinousRoom/Content/Textures/T_Base_Metal_Gray_N.uasset" 620
"D:/Development/Unreal/OptinousPointAndClick/OptinousRoom/Content/Textures/T_Base_Metal_Gray_D.uasset" 621
"D:/Development/Unreal/OptinousPointAndClick/OptinousRoom/Content/Textures/T_Bark02_N.uasset" 622
"D:/Development/Unreal/OptinousPointAndClick/OptinousRoom/Content/Textures/T_Bark02_D.uasset" 623
"D:/Development/Unreal/OptinousPointAndClick/OptinousRoom/Content/Textures/T_ArmorMetal01_N.uasset" 624
"D:/Development/Unreal/OptinousPointAndClick/OptinousRoom/Content/Textures/T_ArmorMetal01.uasset" 625
"D:/Development/Unreal/OptinousPointAndClick/OptinousRoom/Content/Textures/Sky54a2048LDR.uasset" 626
"D:/Development/Unreal/OptinousPointAndClick/OptinousRoom/Content/Textures/Sky54a2048.uasset" 627
"D:/Development/Unreal/OptinousPointAndClick/OptinousRoom/Content/Textures/Metal_Tile_2_N.uasset" 628
"D:/Development/Unreal/OptinousPointAndClick/OptinousRoom/Content/Textures/Metal_Tile_2.uasset" 629
"D:/Development/Unreal/OptinousPointAndClick/OptinousRoom/Content/Materials/Wood_Placeholder.uasset" 630
"D:/Development/Unreal/OptinousPointAndClick/OptinousRoom/Content/Materials/NewUserDefinedEnum.uasset" 631
"D:/Development/Unreal/OptinousPointAndClick/OptinousRoom/Content/Materials/NewMaterial.uasset" 632
"D:/Development/Unreal/OptinousPointAndClick/OptinousRoom/Content/Materials/M_Metal_Burnished_Steel.uasset" 633
"D:/Development/Unreal/OptinousPointAndClick/OptinousRoom/Content/Mashes/SK_Avateering_HeroTPP.uasset" 634
"D:/Development/Unreal/OptinousPointAndClick/OptinousRoom/Content/Mashes/SKM_Avateering_HeroTPP.uasset" 635
"D:/Development/Unreal/OptinousPointAndClick/OptinousRoom/Content/Charakter/Animations/Walk.uasset" 636
"D:/Development/Unreal/OptinousPointAndClick/OptinousRoom/Content/Charakter/Animations/Run.uasset" 637
"D:/Development/Unreal/OptinousPointAndClick/OptinousRoom/Content/Charakter/Animations/MontageExample_Start.uasset" 638
"D:/Development/Unreal/OptinousPointAndClick/OptinousRoom/Content/Charakter/Animations/MontageExample_Punch_2.uasset" 639
"D:/Development/Unreal/OptinousPointAndClick/OptinousRoom/Content/Charakter/Animations/MontageExample_Punch_1.uasset" 640
"D:/Development/Unreal/OptinousPointAndClick/OptinousRoom/Content/Charakter/Animations/MontageExample_End_2.uasset" 641
"D:/Development/Unreal/OptinousPointAndClick/OptinousRoom/Content/Charakter/Animations/MontageExample_End_1.uasset" 642
"D:/Development/Unreal/OptinousPointAndClick/OptinousRoom/Content/Charakter/Animations/Jump_Start.uasset" 643
"D:/Development/Unreal/OptinousPointAndClick/OptinousRoom/Content/Charakter/Animations/Jump_Loop.uasset" 644
"D:/Development/Unreal/OptinousPointAndClick/OptinousRoom/Content/Charakter/Animations/Jump_End.uasset" 645
"D:/Development/Unreal/OptinousPointAndClick/OptinousRoom/Content/Charakter/Animations/Idle_Walk_Run.uasset" 646
"D:/Development/Unreal/OptinousPointAndClick/OptinousRoom/Content/Charakter/Animations/Idle.uasset" 647
"D:/Development/Unreal/OptinousPointAndClick/OptinousRoom/Content/Charakter/Animations/CharacterAnimBP.uasset" 648
"D:/Development/Unreal/OptinousPointAndClick/OptinousRoom/Content/Charakter/NewMaterial.uasset" 649
"D:/Development/Unreal/OptinousPointAndClick/OptinousRoom/Content/Charakter/M_Template_Master.uasset" 650
"D:/Development/Unreal/OptinousPointAndClick/OptinousRoom/Content/Charakter/HeroTPP_PhysicsAsset.uasset" 651
"D:/Development/Unreal/OptinousPointAndClick/OptinousRoom/Content/Charakter/Charakter_Parent_Inst.uasset" 652
"D:/Development/Unreal/OptinousPointAndClick/OptinousRoom/Content/Charakter/Charakter_Inst.uasset" 653
"D:/Development/Unreal/OptinousPointAndClick/OptinousRoom/Content/Charakter/ABP_Kinect_Charakter.uasset" 654
"D:/Development/Unreal/OptinousPointAndClick/OptinousRoom/Content/Blueprints/RoofLamp.uasset" 655
"D:/Development/Unreal/OptinousPointAndClick/OptinousRoom/Content/Blueprints/GrafikSettings.uasset" 656
"D:/Development/Unreal/OptinousPointAndClick/OptinousRoom/Content/Blueprints/ABP_Kinect_Charakter.uasset" 657
"D:/Development/Unreal/OptinousPointAndClick/OptinousRoom/Content/Audio/klick.uasset" 658
"D:/Development/Unreal/OptinousPointAndClick/OptinousRoom/Intermediate/Shaders/WorkingDirectory/5672/0/WorkerOutputOnly.out" 659
"D:/Development/Unreal/OptinousPointAndClick/OptinousRoom/Intermediate/Shaders/WorkingDirectory/5672/1/WorkerOutputOnly.out" 660
"D:/Development/Unreal/OptinousPointAndClick/OptinousRoom/Intermediate/Shaders/WorkingDirectory/5672/2/WorkerOutputOnly.out" 661
